[START] task=synthesis_review env=chipcycle model=deterministic-baseline
[STEP] step=1 action=submit_finding(timing_violation) reward=0.00 done=false error=null
[STEP] step=2 action=submit_finding(unmapped_cells) reward=0.00 done=false error=null
[STEP] step=3 action=submit_finding(fanout_violation) reward=0.00 done=false error=null
[STEP] step=4 action=submit_finding(transition_violation) reward=0.00 done=false error=null
[STEP] step=5 action=submit_review reward=0.00 done=true error=null
[END] success=true steps=5 score=0.000 rewards=0.00,0.00,0.00,0.00,0.00
[START] task=sta_debug env=chipcycle model=deterministic-baseline
[STEP] step=1 action=submit_finding(setup_violation) reward=0.00 done=false error=null
[STEP] step=2 action=submit_finding(false_path) reward=0.00 done=false error=null
[STEP] step=3 action=submit_finding(hold_violation) reward=0.00 done=false error=null
[STEP] step=4 action=submit_finding(at_risk_path) reward=0.00 done=false error=null
[STEP] step=5 action=submit_finding(setup_violation) reward=0.00 done=false error=null
[STEP] step=6 action=submit_review reward=0.00 done=true error=null
[END] success=true steps=6 score=0.000 rewards=0.00,0.00,0.00,0.00,0.00,0.00
[START] task=signoff_triage env=chipcycle model=deterministic-baseline
[STEP] step=1 action=submit_finding(setup_violation) reward=0.00 done=false error=null
[STEP] step=2 action=submit_finding(hold_violation) reward=0.00 done=false error=null
[STEP] step=3 action=submit_finding(clock_tree_issue) reward=0.00 done=false error=null
[STEP] step=4 action=submit_finding(drc_violation) reward=0.00 done=false error=null
[STEP] step=5 action=submit_finding(power_budget_violation) reward=0.00 done=false error=null
[STEP] step=6 action=submit_finding(setup_violation) reward=0.00 done=false error=null
[STEP] step=7 action=submit_review reward=0.00 done=true error=null
[END] success=true steps=7 score=0.000 rewards=0.00,0.00,0.00,0.00,0.00,0.00,0.00
[START] task=pd_em_ir_debug env=chipcycle model=deterministic-baseline
[STEP] step=1 action=submit_finding(dynamic_ir_drop) reward=0.00 done=false error=null
[STEP] step=2 action=submit_finding(em_violation) reward=0.00 done=false error=null
[STEP] step=3 action=submit_finding(routing_congestion) reward=0.00 done=false error=null
[STEP] step=4 action=submit_review reward=0.00 done=true error=null
[END] success=true steps=4 score=0.000 rewards=0.00,0.00,0.00,0.00
[START] task=openroad_audit env=chipcycle model=deterministic-baseline
[STEP] step=1 action=submit_finding(unmapped_cells) reward=0.00 done=false error=null
[STEP] step=2 action=submit_finding(setup_violation) reward=0.00 done=false error=null
[STEP] step=3 action=submit_finding(drc_violation) reward=0.00 done=false error=null
[STEP] step=4 action=submit_review reward=0.00 done=true error=null
[END] success=true steps=4 score=0.000 rewards=0.00,0.00,0.00,0.00
[START] task=advanced_signoff env=chipcycle model=deterministic-baseline
[STEP] step=1 action=submit_finding(clock_tree_issue) reward=0.00 done=false error=null
[STEP] step=2 action=submit_finding(power_budget_violation) reward=0.00 done=false error=null
[STEP] step=3 action=submit_finding(formal_verification_fail) reward=0.00 done=false error=null
[STEP] step=4 action=submit_review reward=0.00 done=true error=null
[END] success=true steps=4 score=0.000 rewards=0.00,0.00,0.00,0.00
