Startpoint: latched_rdata_reg[23] (rising edge-triggered flip-flop clocked by clk)
Endpoint: reg_out_reg[23] (rising edge-triggered flip-flop clocked by clk)
Path Group: clk
Path Type: max

Fanout     Cap    Slew   Delay    Time   Description
-----------------------------------------------------------------------------
                  0.00    0.00    0.00   clock clk (rise edge)
                          0.00    0.00   clock network delay (ideal)
                  0.00    0.00    0.00 ^ latched_rdata_reg[23]/CLK (sky130_fd_sc_hd__dfxtp_2)
     5    0.01    0.16    0.32    0.32 ^ latched_rdata_reg[23]/Q (sky130_fd_sc_hd__dfxtp_2)
                  0.16    0.00    0.32 ^ rdata_q[23] (net)
                  0.16    0.00    0.32 ^ _16942_/A (sky130_fd_sc_hd__inv_2)
     2    0.01    0.08    0.12    0.44 v _16942_/Y (sky130_fd_sc_hd__inv_2)
                  0.08    0.00    0.44 v _07340_[23] (net)
                  0.08    0.00    0.44 v _16943_/A (sky130_fd_sc_hd__nand2_2)
     2    0.01    0.19    0.43    0.87 ^ _16943_/Y (sky130_fd_sc_hd__nand2_2)
                  0.19    0.00    0.87 ^ _07341_[23] (net)
                  0.19    0.00    0.87 ^ _16944_/B (sky130_fd_sc_hd__nor2_2)
     1    0.01    0.35    0.69    1.56 v _16944_/Y (sky130_fd_sc_hd__nor2_2)
                  0.35    0.00    1.56 v _07342_[23] (net)
                  0.35    0.00    1.56 v _16946_/A (sky130_fd_sc_hd__a21o_2)
     1    0.01    0.61    1.08    2.64 v _16946_/X (sky130_fd_sc_hd__a21o_2)
                  0.61    0.00    2.64 v _07343_[23] (net)
                  0.61    0.00    2.64 v _16947_/A1 (sky130_fd_sc_hd__o21ai_2)
     1    0.01    0.78    1.21    3.85 ^ _16947_/Y (sky130_fd_sc_hd__o21ai_2)
                  0.78    0.00    3.85 ^ _07344_[23] (net)
                  0.78    0.00    3.85 ^ _16949_/C1 (sky130_fd_sc_hd__a221oi_2)
     1    0.01    1.24    1.62    5.47 v _16949_/Y (sky130_fd_sc_hd__a221oi_2)
                  1.24    0.00    5.47 v next_pc[23] (net)
                  1.24    0.00    5.47 v reg_out_reg[23]/D (sky130_fd_sc_hd__dfxtp_2)
                                  5.47   data arrival time

                  0.00   10.00   10.00   clock clk (rise edge)
                          0.00   10.00   clock network delay (ideal)
                          0.00   10.00   clock reconvergence pessimism
                         -0.15    9.85   clock uncertainty
                  0.00    0.00    9.85 ^ reg_out_reg[23]/CLK (sky130_fd_sc_hd__dfxtp_2)
                         -0.09    9.76   library setup time
                                  9.76   data required time
-----------------------------------------------------------------------------
                                  2.76   data required time
                                 -5.47   data arrival time
-----------------------------------------------------------------------------
                                 -2.71   slack (VIOLATED)
